<?xml version="1.0" encoding="UTF-8"?>
<!-- Generated by org.testng.reporters.JUnitReportReporter -->
<testsuite hostname="DESKTOP-2HLQDRG" failures="0" tests="1" name="restAssuredTest.PutRequest" time="2.443" errors="0" timestamp="2020-09-26T22:01:36 CDT" skipped="0">
  <testcase classname="restAssuredTest.PutRequest" name="testPut" time="2.443"/>
  <system-out/>
</testsuite> <!-- restAssuredTest.PutRequest -->
