<?xml version="1.0" encoding="UTF-8"?>
<!-- Generated by org.testng.reporters.JUnitReportReporter -->
<testsuite hostname="DESKTOP-2HLQDRG" failures="0" tests="1" name="restAssuredTest.PostRequest" time="3.029" errors="0" timestamp="2020-09-26T22:29:37 CDT" skipped="0">
  <testcase classname="restAssuredTest.PostRequest" name="testPost" time="3.029"/>
  <system-out/>
</testsuite> <!-- restAssuredTest.PostRequest -->
