<?xml version="1.0" encoding="UTF-8"?>
<!-- Generated by org.testng.reporters.JUnitReportReporter -->
<testsuite hostname="DESKTOP-2HLQDRG" failures="0" tests="1" name="restAssuredTest.DeleteRequest" time="2.627" errors="0" timestamp="2020-09-26T23:35:16 CDT" skipped="0">
  <testcase classname="restAssuredTest.DeleteRequest" name="deleteEmployeeRecord" time="2.627"/>
  <system-out/>
</testsuite> <!-- restAssuredTest.DeleteRequest -->
